1607196662480	geckodriver	INFO	Listening on 127.0.0.1:49894
1607196665519	mozrunner::runner	INFO	Running command: "C:\\Program Files\\Mozilla Firefox\\firefox.exe" "--marionette" "-foreground" "-no-remote" "-profile" "C:\\Users\\willi\\AppData\\Local\\Temp\\rust_mozprofile0iQl9o"
console.warn: SearchSettings: "get: No settings file exists, new profile?" (new Error("", "(unknown module)"))
1607196667056	Marionette	INFO	Listening on port 49906
1607196667092	Marionette	WARN	TLS certificate errors will be ignored for this session
JavaScript warning: https://z.moatads.com/bounceexchangedisplay18031701869/moatad.js?moatClientLevel1=www.ratemyprofessors.com%20(3905)&moatClientLevel2=desktop&moatClientLevel3=bounce&moatClientLevel4=900x550&zMoatPlacement=overlay, line 261: Failed to create WebGL context: WebGL is currently disabled.
JavaScript warning: https://z.moatads.com/bounceexchangedisplay18031701869/moatad.js?moatClientLevel1=www.ratemyprofessors.com%20(3905)&moatClientLevel2=desktop&moatClientLevel3=bounce&moatClientLevel4=900x550&zMoatPlacement=overlay, line 261: Failed to create WebGL context: WebGL is currently disabled.
JavaScript error: https://objects-secure.videohub.tv/net/js/rml.min.js?adData=https%3A%2F%2Fad.doubleclick.net%2Fddm%2Fpfadx%2FN3671.Tremor%2FB24932451.287309059%3Bsz%3D0x0%3Bord%3D2030006867%3Bdc_lat%3D%3Bdc_rdid%3D%3Btag_for_child_directed_treatment%3D%3Btfua%3D%3Bdcmt%3Dtext%2Fxml%3Bdc_sdk_apis%3D%5BAPIFRAMEWORKS%5D%3Bdc_omid_p%3D%5BOMIDPARTNER%5D, line 20: TypeError: this._viewability is undefined
1607200440888	Marionette	INFO	Stopped listening on port 49906
7200402582	mozrunner::runner	INFO	Running command: "C:\\Program Files\\Mozilla Firefox\\firefox.exe" "--marionette" "-foreground" "-no-remote" "-profile" "C:\\Users\\willi\\AppData\\Local\\Temp\\rust_mozprofileRkAMbb"
console.warn: SearchSettings: "get: No settings file exists, new profile?" (new Error("", "(unknown module)"))
JavaScript error: resource://gre/modules/XULStore.jsm, line 66: Error: Can't find profile directory.
1607200404211	Marionette	INFO	Listening on port 52991
1607200404639	Marionette	WARN	TLS certificate errors will be ignored for this session
Can't find symbol 'eglSwapBuffersWithDamageEXT'.
Can't find symbol 'eglSetDamageRegionKHR'.
Handler function _httpStopRequest threw an exception: [Exception... "Component returned failure code: 0x80004005 (NS_ERROR_FAILURE) [nsITraceableChannel.setNewListener]"  nsresult: "0x80004005 (NS_ERROR_FAILURE)"  location: "JS frame :: resource://devtools/server/actors/network-monitor/network-observer.js :: _setupResponseListener :: line 1085"  data: no]
Stack: _setupResponseListener@resource://devtools/server/actors/network-monitor/network-observer.js:1085:38
_createNetworkEvent@resource://devtools/server/actors/network-monitor/network-observer.js:911:12
_httpStopRequest@resource://devtools/server/actors/network-monitor/network-observer.js:409:14
exports.makeInfallible/<@resource://devtools/shared/ThreadSafeDevToolsUtils.js:103:22
Line: 1085, column: 0
console.error: ({})
JavaScript error: resource://devtools/client/inspector/rules/utils/utils.js, line 186: TypeError: rule is undefined
JavaScript error: resource://devtools/client/inspector/rules/utils/utils.js, line 186: TypeError: rule is undefined
JavaScript error: resource://devtools/client/inspector/rules/utils/utils.js, line 186: TypeError: rule is undefined
SourceActor threw an exception: [Exception... "Component returned failure code: 0x80470002 (NS_BASE_STREAM_CLOSED) [nsIInputStream.available]"  nsresult: "0x80470002 (NS_BASE_STREAM_CLOSED)"  location: "JS frame :: resource://devtools/shared/DevToolsUtils.js :: onResponse :: line 567"  data: no]
Stack: onResponse@resource://devtools/shared/DevToolsUtils.js:567:34
onStopRequest@resource://gre/modules/NetUtil.jsm:128:18
Line: 567, column: 0
console.error: ({})
JavaScript error: resource://devtools/shared/DevToolsUtils.js, line 567: NS_BASE_STREAM_CLOSED: Component returned failure code: 0x80470002 (NS_BASE_STREAM_CLOSED) [nsIInputStream.available]
SourceActor threw an exception: [Exception... "Component returned failure code: 0x80470002 (NS_BASE_STREAM_CLOSED) [nsIInputStream.available]"  nsresult: "0x80470002 (NS_BASE_STREAM_CLOSED)"  location: "JS frame :: resource://devtools/shared/DevToolsUtils.js :: onResponse :: line 567"  data: no]
Stack: onResponse@resource://devtools/shared/DevToolsUtils.js:567:34
onStopRequest@resource://gre/modules/NetUtil.jsm:128:18
Line: 567, column: 0
console.error: ({})
JavaScript error: resource://devtools/shared/DevToolsUtils.js, line 567: NS_BASE_STREAM_CLOSED: Component returned failure code: 0x80470002 (NS_BASE_STREAM_CLOSED) [nsIInputStream.available]
1607200553543	Marionette	INFO	Stopped listening on port 52991

###!!! [Child][RunMessage] Error: Channel closing: too late to send/recv, messages will be lost


###!!! [Child][MessageChannel::SendAndWait] Error: Channel error: cannot send/recv

1607200571069	geckodriver	INFO	Listening on 127.0.0.1:53278
1607200574115	mozrunner::runner	INFO	Running command: "C:\\Program Files\\Mozilla Firefox\\firefox.exe" "--marionette" "-foreground" "-no-remote" "-profile" "C:\\Users\\willi\\AppData\\Local\\Temp\\rust_mozprofileECyYC6"
console.warn: SearchSettings: "get: No settings file exists, new profile?" (new Error("", "(unknown module)"))
JavaScript error: resource://gre/modules/XULStore.jsm, line 66: Error: Can't find profile directory.
1607200575726	Marionette	INFO	Listening on port 53288
1607200576165	Marionette	WARN	TLS certificate errors will be ignored for this session
1607203484698	geckodriver	INFO	Listening on 127.0.0.1:55647
1607203487736	mozrunner::runner	INFO	Running command: "C:\\Program Files\\Mozilla Firefox\\firefox.exe" "--marionette" "-foreground" "-no-remote" "-profile" "C:\\Users\\willi\\AppData\\Local\\Temp\\rust_mozprofileEBvhrS"
console.warn: SearchSettings: "get: No settings file exists, new profile?" (new Error("", "(unknown module)"))
JavaScript error: resource://gre/modules/XULStore.jsm, line 66: Error: Can't find profile directory.
1607203489362	Marionette	INFO	Listening on port 55669
1607203489783	Marionette	WARN	TLS certificate errors will be ignored for this session
1607217291444	geckodriver	INFO	Listening on 127.0.0.1:63900
1607217294456	mozrunner::runner	INFO	Running command: "C:\\Program Files\\Mozilla Firefox\\firefox.exe" "--marionette" "-foreground" "-no-remote" "-profile" "C:\\Users\\willi\\AppData\\Local\\Temp\\rust_mozprofileHJKzHM"
console.warn: SearchSettings: "get: No settings file exists, new profile?" (new Error("", "(unknown module)"))
JavaScript error: resource://gre/modules/XULStore.jsm, line 66: Error: Can't find profile directory.
1607217296120	Marionette	INFO	Listening on port 63915
1607217296492	Marionette	WARN	TLS certificate errors will be ignored for this session
